<?xml version="1.0" encoding="UTF-8"?>
<coverage generated="1578976918133" clover="3.2.0">
  <project timestamp="1578976918133" name="All files">
    <metrics statements="6" coveredstatements="6" conditionals="0" coveredconditionals="0" methods="5" coveredmethods="5" elements="11" coveredelements="11" complexity="0" loc="6" ncloc="6" packages="1" files="2" classes="2"/>
    <file name="greeting.js" path="/Users/souravbhattacharya/Documents/Visual_Studio_Code/Node_Projects/cb_crash_course/crash_course/src/greeting.js">
      <metrics statements="1" coveredstatements="1" conditionals="0" coveredconditionals="0" methods="1" coveredmethods="1"/>
      <line num="3" count="1" type="stmt"/>
    </file>
    <file name="rectangle.js" path="/Users/souravbhattacharya/Documents/Visual_Studio_Code/Node_Projects/cb_crash_course/crash_course/src/rectangle.js">
      <metrics statements="5" coveredstatements="5" conditionals="0" coveredconditionals="0" methods="4" coveredmethods="4"/>
      <line num="3" count="4" type="stmt"/>
      <line num="4" count="4" type="stmt"/>
      <line num="8" count="2" type="stmt"/>
      <line num="12" count="2" type="stmt"/>
      <line num="16" count="2" type="stmt"/>
    </file>
  </project>
</coverage>
