<?xml version="1.0" encoding="UTF-8"?>
<coverage generated="1578979533889" clover="3.2.0">
  <project timestamp="1578979533889" name="All files">
    <metrics statements="10" coveredstatements="10" conditionals="6" coveredconditionals="6" methods="5" coveredmethods="5" elements="21" coveredelements="21" complexity="0" loc="10" ncloc="10" packages="1" files="2" classes="2"/>
    <file name="greeting.js" path="/Users/souravbhattacharya/Documents/Visual_Studio_Code/Node_Projects/cb_crash_course/crash_course/src/greeting.js">
      <metrics statements="1" coveredstatements="1" conditionals="0" coveredconditionals="0" methods="1" coveredmethods="1"/>
      <line num="3" count="1" type="stmt"/>
    </file>
    <file name="rectangle.js" path="/Users/souravbhattacharya/Documents/Visual_Studio_Code/Node_Projects/cb_crash_course/crash_course/src/rectangle.js">
      <metrics statements="9" coveredstatements="9" conditionals="6" coveredconditionals="6" methods="4" coveredmethods="4"/>
      <line num="3" count="5" type="cond" truecount="4" falsecount="0"/>
      <line num="4" count="1" type="stmt"/>
      <line num="6" count="4" type="stmt"/>
      <line num="7" count="4" type="stmt"/>
      <line num="12" count="3" type="cond" truecount="2" falsecount="0"/>
      <line num="13" count="1" type="stmt"/>
      <line num="15" count="2" type="stmt"/>
      <line num="19" count="2" type="stmt"/>
      <line num="23" count="2" type="stmt"/>
    </file>
  </project>
</coverage>
