{"/Users/souravbhattacharya/Documents/Visual_Studio_Code/Node_Projects/cb_crash_course/crash_course/src/greeting.js": {"path":"/Users/souravbhattacharya/Documents/Visual_Studio_Code/Node_Projects/cb_crash_course/crash_course/src/greeting.js","statementMap":{"0":{"start":{"line":3,"column":8},"end":{"line":3,"column":29}}},"fnMap":{"0":{"name":"(anonymous_0)","decl":{"start":{"line":2,"column":4},"end":{"line":2,"column":5}},"loc":{"start":{"line":2,"column":12},"end":{"line":4,"column":5}},"line":2}},"branchMap":{},"s":{"0":1},"f":{"0":1},"b":{},"_coverageSchema":"43e27e138ebf9cfc5966b082cf9a028302ed4184","hash":"d41d26d5af5cf5b49aa992ac9ae41b1be2237b15"}
,"/Users/souravbhattacharya/Documents/Visual_Studio_Code/Node_Projects/cb_crash_course/crash_course/src/rectangle.js": {"path":"/Users/souravbhattacharya/Documents/Visual_Studio_Code/Node_Projects/cb_crash_course/crash_course/src/rectangle.js","statementMap":{"0":{"start":{"line":3,"column":4},"end":{"line":8,"column":5}},"1":{"start":{"line":4,"column":6},"end":{"line":4,"column":62}},"2":{"start":{"line":6,"column":6},"end":{"line":6,"column":27}},"3":{"start":{"line":7,"column":6},"end":{"line":7,"column":29}},"4":{"start":{"line":12,"column":4},"end":{"line":14,"column":5}},"5":{"start":{"line":13,"column":6},"end":{"line":13,"column":49}},"6":{"start":{"line":15,"column":4},"end":{"line":15,"column":37}},"7":{"start":{"line":19,"column":4},"end":{"line":19,"column":44}},"8":{"start":{"line":23,"column":4},"end":{"line":23,"column":38}}},"fnMap":{"0":{"name":"(anonymous_0)","decl":{"start":{"line":2,"column":2},"end":{"line":2,"column":3}},"loc":{"start":{"line":2,"column":31},"end":{"line":9,"column":3}},"line":2},"1":{"name":"(anonymous_1)","decl":{"start":{"line":11,"column":2},"end":{"line":11,"column":3}},"loc":{"start":{"line":11,"column":28},"end":{"line":16,"column":3}},"line":11},"2":{"name":"(anonymous_2)","decl":{"start":{"line":18,"column":2},"end":{"line":18,"column":3}},"loc":{"start":{"line":18,"column":14},"end":{"line":20,"column":3}},"line":18},"3":{"name":"(anonymous_3)","decl":{"start":{"line":22,"column":2},"end":{"line":22,"column":3}},"loc":{"start":{"line":22,"column":9},"end":{"line":24,"column":3}},"line":22}},"branchMap":{"0":{"loc":{"start":{"line":3,"column":4},"end":{"line":8,"column":5}},"type":"if","locations":[{"start":{"line":3,"column":4},"end":{"line":8,"column":5}},{"start":{"line":3,"column":4},"end":{"line":8,"column":5}}],"line":3},"1":{"loc":{"start":{"line":3,"column":8},"end":{"line":3,"column":33}},"type":"binary-expr","locations":[{"start":{"line":3,"column":8},"end":{"line":3,"column":18}},{"start":{"line":3,"column":22},"end":{"line":3,"column":33}}],"line":3},"2":{"loc":{"start":{"line":12,"column":4},"end":{"line":14,"column":5}},"type":"if","locations":[{"start":{"line":12,"column":4},"end":{"line":14,"column":5}},{"start":{"line":12,"column":4},"end":{"line":14,"column":5}}],"line":12}},"s":{"0":5,"1":1,"2":4,"3":4,"4":3,"5":1,"6":2,"7":2,"8":2},"f":{"0":5,"1":3,"2":2,"3":2},"b":{"0":[1,4],"1":[5,4],"2":[1,2]},"_coverageSchema":"43e27e138ebf9cfc5966b082cf9a028302ed4184","hash":"8455c00337e0fe95fe326dbe6e9e03410a687a40"}
}
