{"/Users/souravbhattacharya/Documents/Visual_Studio_Code/Node_Projects/cb_crash_course/crash_course/src/greeting.js": {"path":"/Users/souravbhattacharya/Documents/Visual_Studio_Code/Node_Projects/cb_crash_course/crash_course/src/greeting.js","statementMap":{"0":{"start":{"line":3,"column":8},"end":{"line":3,"column":29}}},"fnMap":{"0":{"name":"(anonymous_0)","decl":{"start":{"line":2,"column":4},"end":{"line":2,"column":5}},"loc":{"start":{"line":2,"column":12},"end":{"line":4,"column":5}},"line":2}},"branchMap":{},"s":{"0":1},"f":{"0":1},"b":{},"_coverageSchema":"43e27e138ebf9cfc5966b082cf9a028302ed4184","hash":"d41d26d5af5cf5b49aa992ac9ae41b1be2237b15"}
,"/Users/souravbhattacharya/Documents/Visual_Studio_Code/Node_Projects/cb_crash_course/crash_course/src/rectangle.js": {"path":"/Users/souravbhattacharya/Documents/Visual_Studio_Code/Node_Projects/cb_crash_course/crash_course/src/rectangle.js","statementMap":{"0":{"start":{"line":3,"column":4},"end":{"line":3,"column":25}},"1":{"start":{"line":4,"column":4},"end":{"line":4,"column":27}},"2":{"start":{"line":8,"column":4},"end":{"line":8,"column":37}},"3":{"start":{"line":12,"column":4},"end":{"line":12,"column":44}},"4":{"start":{"line":16,"column":4},"end":{"line":16,"column":38}}},"fnMap":{"0":{"name":"(anonymous_0)","decl":{"start":{"line":2,"column":2},"end":{"line":2,"column":3}},"loc":{"start":{"line":2,"column":31},"end":{"line":5,"column":3}},"line":2},"1":{"name":"(anonymous_1)","decl":{"start":{"line":7,"column":2},"end":{"line":7,"column":3}},"loc":{"start":{"line":7,"column":28},"end":{"line":9,"column":3}},"line":7},"2":{"name":"(anonymous_2)","decl":{"start":{"line":11,"column":2},"end":{"line":11,"column":3}},"loc":{"start":{"line":11,"column":14},"end":{"line":13,"column":3}},"line":11},"3":{"name":"(anonymous_3)","decl":{"start":{"line":15,"column":2},"end":{"line":15,"column":3}},"loc":{"start":{"line":15,"column":9},"end":{"line":17,"column":3}},"line":15}},"branchMap":{},"s":{"0":4,"1":4,"2":2,"3":2,"4":2},"f":{"0":4,"1":2,"2":2,"3":2},"b":{},"_coverageSchema":"43e27e138ebf9cfc5966b082cf9a028302ed4184","hash":"9cf9d8d39f5a279fab15cdfd98fc24ec9faa065e"}
}
