TN:
SF:/Users/souravbhattacharya/Documents/Visual_Studio_Code/Node_Projects/cb_crash_course/crash_course/src/greeting.js
FN:2,(anonymous_0)
FNF:1
FNH:1
FNDA:1,(anonymous_0)
DA:3,1
LF:1
LH:1
BRF:0
BRH:0
end_of_record
TN:
SF:/Users/souravbhattacharya/Documents/Visual_Studio_Code/Node_Projects/cb_crash_course/crash_course/src/rectangle.js
FN:2,(anonymous_0)
FN:7,(anonymous_1)
FN:11,(anonymous_2)
FN:15,(anonymous_3)
FNF:4
FNH:4
FNDA:4,(anonymous_0)
FNDA:2,(anonymous_1)
FNDA:2,(anonymous_2)
FNDA:2,(anonymous_3)
DA:3,4
DA:4,4
DA:8,2
DA:12,2
DA:16,2
LF:5
LH:5
BRF:0
BRH:0
end_of_record
